|SourceProjectName:RhinoScript.hpr
|DestinationProjectName:index.html
whhost.js
whmsg.js
whmozemu.js
whproxy.js
whstub.js
whutils.js
whver.js
whform.js
whphost.js
whstart.js
whtopic.js
whframes.js
whlang.js
whskin_info.htm
whskin_blank.htm
whskin_pickup.htm
whskin_homepage.htm
whskin_tw.htm
whnjs.htm
whthost.js
whtdhtml.htm
whihost.js
whibody.htm
whiform.htm
whfhost.js
whfbody.htm
whfform.htm
whghost.js
whgbody.htm
whgdhtml.htm
whgdef.htm
whproj.js
whproj.xml
whproj.htm
whxdata\whtoc.xml
whxdata\whidx.xml
whxdata\whglo.xml
whdata\whtoc.js
whdata\whtoc.htm
whdata\whtdata.js
whdata\whidx.js
whdata\whidx.htm
whdata\whidata.js
whdata\whglo.js
whdata\whglo.htm
whdata\whgdata.js
resource\resource.xml
whbrs.xml
whres.xml
whgdata\whnvp30.htm
whgdata\whnvp31.htm
whgdata\whnvp32.htm
whgdata\whnvp33.htm
whgdata\whnvt30.htm
whgdata\whnvt31.htm
whgdata\whnvt32.htm
whgdata\whnvt33.htm
whgdata\whnvf30.htm
whgdata\whnvf31.htm
whgdata\whnvf32.htm
whgdata\whnvf33.htm
whgdata\whnvl31.htm
whgdata\whnvl32.htm
whgdata\whnvl33.htm
whgdata\whexpbar.gif
cshdat_webhelp.htm
whcsh_home.htm
whcshdata.htm
cshdat_robohelp.htm
whd_topic.xml
whd_nvp10.htm
whd_nvp20.htm
whd_tabs.htm
whd_dpns.htm
whd_tab0.gif
whd_tab1.gif
whd_tab2.gif
whd_tab3.gif
whd_tab4.gif
whd_tab5.gif
whd_tab6.gif
whd_tab7.gif
whd_tab8.gif
whd_toc1.gif
whd_toc2.gif
whd_toc3.gif
whd_toc4.gif
whd_show0.gif
whd_show1.gif
whd_show2.gif
whd_hide0.gif
whd_hide1.gif
whd_hide2.gif
whd_sync0.gif
whd_sync1.gif
whd_sync2.gif
whd_prev0.gif
whd_prev1.gif
whd_prev2.gif
whd_next0.gif
whd_next1.gif
whd_next2.gif
whd_wbsh0.gif
whd_wbsh1.gif
whd_wbsh2.gif
whidhtml.htm
whfdhtml.htm
index_hha.hhk
index.hhc
index.hhk
application_methods\addalias.htm
application_methods\addsearchpath.htm
application_methods\addstartupscript.htm
application_methods\aliascount.htm
application_methods\aliasmacro.htm
application_methods\aliasnames.htm
application_methods\appearancecolor.htm
application_methods\appearancedisplay.htm
application_methods\application_methods.htm
application_methods\autosavefile.htm
application_methods\autosaveinterval.htm
application_methods\builddate.htm
application_methods\checknewobjects.htm
application_methods\clearcommandhistory.htm
application_methods\command.htm
application_methods\commandhistory.htm
application_methods\commandlineargs.htm
application_methods\defaultrenderer.htm
application_methods\deletealias.htm
application_methods\deletesearchpath.htm
application_methods\deletestartupscript.htm
application_methods\displayolealerts.htm
application_methods\edgeanalysiscolor.htm
application_methods\edgeanalysismode.htm
application_methods\enableautosave.htm
application_methods\enablehistoryrecording.htm
application_methods\enableplugin.htm
application_methods\exefolder.htm
application_methods\exeplatform.htm
application_methods\exeservicerelease.htm
application_methods\exeversion.htm
application_methods\exit.htm
application_methods\findfile.htm
application_methods\getpluginobject.htm
application_methods\help.htm
application_methods\incommand.htm
application_methods\installationtype.htm
application_methods\installfolder.htm
application_methods\isalias.htm
application_methods\iscommand.htm
application_methods\isocurvedensity.htm
application_methods\isplugin.htm
application_methods\lastcommandname.htm
application_methods\lastcommandresult.htm
application_methods\lastloadedscriptfile.htm
application_methods\localeid.htm
application_methods\nodetype.htm
application_methods\ortho.htm
application_methods\osnap.htm
application_methods\osnapdialog.htm
application_methods\osnapmode.htm
application_methods\planar.htm
application_methods\pluginid.htm
application_methods\pluginids.htm
application_methods\plugininfo.htm
application_methods\pluginname.htm
application_methods\plugins.htm
application_methods\print.htm
application_methods\printex.htm
application_methods\projectosnaps.htm
application_methods\prompt.htm
application_methods\registrykey.htm
application_methods\screensize.htm
application_methods\sdkservicerelease.htm
application_methods\sdkversion.htm
application_methods\searchpathcount.htm
application_methods\searchpathlist.htm
application_methods\sendkeystrokes.htm
application_methods\serialnumber.htm
application_methods\showisocurves.htm
application_methods\snap.htm
application_methods\snaptolocked.htm
application_methods\startupscriptcount.htm
application_methods\startupscriptlist.htm
application_methods\statusbardistance.htm
application_methods\statusbarmessage.htm
application_methods\statusbarnumber.htm
application_methods\statusbarpoint.htm
application_methods\statusbarprogressmeter.htm
application_methods\templatefile.htm
application_methods\templatefolder.htm
application_methods\uplanemode.htm
application_methods\windowhandle.htm
application_methods\workingfolder.htm
block_methods\addblock.htm
block_methods\block_methods.htm
block_methods\blockcontainercount.htm
block_methods\blockcontainers.htm
block_methods\blockcount.htm
block_methods\blockdescription.htm
block_methods\blockinstancecount.htm
block_methods\blockinstanceinsertpoint.htm
block_methods\blockinstancename.htm
block_methods\blockinstances.htm
block_methods\blockinstancexform.htm
block_methods\blocknames.htm
block_methods\blockobjectcount.htm
block_methods\blockobjects.htm
block_methods\blockpath.htm
block_methods\blockstatus.htm
block_methods\blockurl.htm
block_methods\blockurltag.htm
block_methods\deleteblock.htm
block_methods\explodeblockinstance.htm
block_methods\insertblock.htm
block_methods\isblock.htm
block_methods\isblockembedded.htm
block_methods\isblockinstance.htm
block_methods\isblockinuse.htm
block_methods\isblockobject.htm
block_methods\isblockreference.htm
block_methods\renameblock.htm
curve_methods\addarc.htm
curve_methods\addarcpttanpt.htm
curve_methods\addblendcurve.htm
curve_methods\addcircle.htm
curve_methods\addcircle3pt.htm
curve_methods\addcirclepttanpt.htm
curve_methods\addcurve.htm
curve_methods\addellipse.htm
curve_methods\addellipse3pt.htm
curve_methods\addfilletcurve.htm
curve_methods\addinterpcrvonsrf.htm
curve_methods\addinterpcrvonsrfuv.htm
curve_methods\addinterpcurve.htm
curve_methods\addinterpcurveex.htm
curve_methods\addline.htm
curve_methods\addnurbscurve.htm
curve_methods\addpolygon.htm
curve_methods\addpolyline.htm
curve_methods\addspiral.htm
curve_methods\addspiral2.htm
curve_methods\addstarpolygon.htm
curve_methods\addsubcrv.htm
curve_methods\arcangle.htm
curve_methods\arccenterpoint.htm
curve_methods\arcmidpoint.htm
curve_methods\arcradius.htm
curve_methods\circlecenterpoint.htm
curve_methods\circlecircumference.htm
curve_methods\circleradius.htm
curve_methods\closecurve.htm
curve_methods\closedcurveorientation.htm
curve_methods\convertcurvetobezier.htm
curve_methods\convertcurvetopolyline.htm
curve_methods\curve_addarc3pt.htm
curve_methods\curve_methods.htm
curve_methods\curvearclengthpoint.htm
curve_methods\curvearea.htm
curve_methods\curveareacentroid.htm
curve_methods\curvearrows.htm
curve_methods\curvebooleandifference.htm
curve_methods\curvebooleanintersection.htm
curve_methods\curvebooleanunion.htm
curve_methods\curvebrepintersect.htm
curve_methods\curveclosestobject.htm
curve_methods\curveclosestpoint.htm
curve_methods\curvecontourpoints.htm
curve_methods\curvecurvature.htm
curve_methods\curvecurveintersection.htm
curve_methods\curvedegree.htm
curve_methods\curvedeviation.htm
curve_methods\curvedim.htm
curve_methods\curvedirectionsmatch.htm
curve_methods\curvediscontinuity.htm
curve_methods\curvedomain.htm
curve_methods\curveeditpoints.htm
curve_methods\curveendpoint.htm
curve_methods\curveevaluate.htm
curve_methods\curvefilletpoints.htm
curve_methods\curveframe.htm
curve_methods\curveknotcount.htm
curve_methods\curveknots.htm
curve_methods\curvelength.htm
curve_methods\curvemidpoint.htm
curve_methods\curvenormal.htm
curve_methods\curvenormalizedparameter.htm
curve_methods\curveparameter.htm
curve_methods\curveperpframe.htm
curve_methods\curveplane.htm
curve_methods\curvepointcount.htm
curve_methods\curvepoints.htm
curve_methods\curveradius.htm
curve_methods\curverailframes.htm
curve_methods\curveseam.htm
curve_methods\curvestartpoint.htm
curve_methods\curvesurfaceintersection.htm
curve_methods\curvetangent.htm
curve_methods\curveweights.htm
curve_methods\dividecurve.htm
curve_methods\dividecurveequidistant.htm
curve_methods\dividecurvelength.htm
curve_methods\ellipsecenterpoint.htm
curve_methods\ellipsefocaldistance.htm
curve_methods\ellipsefoci.htm
curve_methods\ellipsequadpoints.htm
curve_methods\evaluatecurve.htm
curve_methods\explodecurves.htm
curve_methods\extendcurve.htm
curve_methods\extendcurvelength.htm
curve_methods\extendcurvepoint.htm
curve_methods\extractpolycurvesegment.htm
curve_methods\faircurve.htm
curve_methods\filletcurves.htm
curve_methods\fitcurve.htm
curve_methods\insertcurveknot.htm
curve_methods\isarc.htm
curve_methods\iscircle.htm
curve_methods\iscurve.htm
curve_methods\iscurveclosable.htm
curve_methods\iscurveclosed.htm
curve_methods\iscurveinplane.htm
curve_methods\iscurvelinear.htm
curve_methods\iscurveperiodic.htm
curve_methods\iscurveplanar.htm
curve_methods\iscurverational.htm
curve_methods\isellipse.htm
curve_methods\isellipticalarc.htm
curve_methods\isline.htm
curve_methods\ispointoncurve.htm
curve_methods\ispolycurve.htm
curve_methods\ispolyline.htm
curve_methods\joincurves.htm
curve_methods\linefitfrompoints.htm
curve_methods\makecurvenonperiodic.htm
curve_methods\makecurveperiodic.htm
curve_methods\meancurve.htm
curve_methods\meshpolyline.htm
curve_methods\offsetcurve.htm
curve_methods\offsetcurvenormal.htm
curve_methods\offsetcurveonsurface.htm
curve_methods\planarclosedcurvecontainment.htm
curve_methods\planarcurvecollision.htm
curve_methods\pointinplanarclosedcurve.htm
curve_methods\polycurvecount.htm
curve_methods\polylinevertices.htm
curve_methods\projectcurvetomesh.htm
curve_methods\projectcurvetosurface.htm
curve_methods\rebuildcurve.htm
curve_methods\removecurveknot.htm
curve_methods\removeshortcurvesegments.htm
curve_methods\reversecurve.htm
curve_methods\simplifycurve.htm
curve_methods\splitcurve.htm
curve_methods\trimcurve.htm
curve_methods\tweencurve.htm
dimension_methods\addaligneddimension.htm
dimension_methods\adddimstyle.htm
dimension_methods\addleader.htm
dimension_methods\addlineardimension.htm
dimension_methods\addradialdimension.htm
dimension_methods\currentdimstyle.htm
dimension_methods\deletedimstyle.htm
dimension_methods\dimension_methods.htm
dimension_methods\dimensionstyle.htm
dimension_methods\dimensiontext.htm
dimension_methods\dimensionusertext.htm
dimension_methods\dimensionvalue.htm
dimension_methods\dimscale.htm
dimension_methods\dimstyleangleprecision.htm
dimension_methods\dimstylearrowsize.htm
dimension_methods\dimstylecentermarksize.htm
dimension_methods\dimstylecount.htm
dimension_methods\dimstyledimlineextension.htm
dimension_methods\dimstyleextension.htm
dimension_methods\dimstylefieldoverride.htm
dimension_methods\dimstylefont.htm
dimension_methods\dimstyleleaderarrowsize.htm
dimension_methods\dimstylelengthfactor.htm
dimension_methods\dimstylelinearprecision.htm
dimension_methods\dimstylenames.htm
dimension_methods\dimstylenumberformat.htm
dimension_methods\dimstyleoffset.htm
dimension_methods\dimstyleprefix.htm
dimension_methods\dimstylescale.htm
dimension_methods\dimstylesuffix.htm
dimension_methods\dimstyletextalignment.htm
dimension_methods\dimstyletextgap.htm
dimension_methods\dimstyletextheight.htm
dimension_methods\isaligneddimension.htm
dimension_methods\isangulardimension.htm
dimension_methods\isdiameterdimension.htm
dimension_methods\isdimension.htm
dimension_methods\isdimstyle.htm
dimension_methods\isdimstylechild.htm
dimension_methods\isdimstylereference.htm
dimension_methods\isleader.htm
dimension_methods\islineardimension.htm
dimension_methods\isordinatedimension.htm
dimension_methods\isradialdimension.htm
dimension_methods\leadertext.htm
dimension_methods\parentdimstyle.htm
dimension_methods\renamedimstyle.htm
document_methods\createpreviewimage.htm
document_methods\document_methods.htm
document_methods\documentinfo.htm
document_methods\documentmodified.htm
document_methods\documentname.htm
document_methods\documentpath.htm
document_methods\documenturl.htm
document_methods\enableredraw.htm
document_methods\extractpreviewimage.htm
document_methods\isdocumentmodified.htm
document_methods\notes.htm
document_methods\readfileversion.htm
document_methods\redraw.htm
document_methods\renderantialias.htm
document_methods\rendercolor.htm
document_methods\rendermeshdensity.htm
document_methods\rendermeshmaxangle.htm
document_methods\rendermeshmaxaspectratio.htm
document_methods\rendermeshmaxdistedgetosrf.htm
document_methods\rendermeshmaxedgelength.htm
document_methods\rendermeshminedgelength.htm
document_methods\rendermeshmininitialgridquads.htm
document_methods\rendermeshquality.htm
document_methods\rendermeshsettings.htm
document_methods\renderresolution.htm
document_methods\rendersettings.htm
document_methods\unitabsolutetolerance.htm
document_methods\unitangletolerance.htm
document_methods\unitcustomunitsystem.htm
document_methods\unitdistancedisplaymode.htm
document_methods\unitdistancedisplayprecision.htm
document_methods\unitrelativetolerance.htm
document_methods\unitscale.htm
document_methods\unitsystem.htm
document_methods\unitsystemname.htm
document_methods\worksessionfilename.htm
document_methods\worksessionmodelaliases.htm
document_methods\worksessionmodelcount.htm
document_methods\worksessionmodelnames.htm
geometry_methods\addclippingplane.htm
geometry_methods\addpictureframe.htm
geometry_methods\addpoint.htm
geometry_methods\addpointcloud.htm
geometry_methods\addpoints.htm
geometry_methods\addtext.htm
geometry_methods\addtextdot.htm
geometry_methods\boundingbox.htm
geometry_methods\circlefrompoints.htm
geometry_methods\clippingplanedefinition.htm
geometry_methods\comparegeometry.htm
geometry_methods\flipclippingplane.htm
geometry_methods\geometry_methods.htm
geometry_methods\isclippingplane.htm
geometry_methods\isknotvectorclamped.htm
geometry_methods\isknotvectorperiodic.htm
geometry_methods\isknotvectoruniform.htm
geometry_methods\ispictureframe.htm
geometry_methods\ispoint.htm
geometry_methods\ispointcloud.htm
geometry_methods\istext.htm
geometry_methods\istextdot.htm
geometry_methods\knotvectorhasbezierspans.htm
geometry_methods\knotvectorstyle.htm
geometry_methods\pointcloudcount.htm
geometry_methods\pointcloudhashiddenpoints.htm
geometry_methods\pointcloudhaspointcolors.htm
geometry_methods\pointcloudhidepoints.htm
geometry_methods\pointcloudpointcolors.htm
geometry_methods\pointcloudpoints.htm
geometry_methods\pointcoordinates.htm
geometry_methods\textdotfont.htm
geometry_methods\textdotheight.htm
geometry_methods\textdotpoint.htm
geometry_methods\textdottext.htm
geometry_methods\textobjectfont.htm
geometry_methods\textobjectformula.htm
geometry_methods\textobjectheight.htm
geometry_methods\textobjectjustification.htm
geometry_methods\textobjectplane.htm
geometry_methods\textobjectpoint.htm
geometry_methods\textobjectstyle.htm
geometry_methods\textobjecttext.htm
group_methods\addgroup.htm
group_methods\addobjectstogroup.htm
group_methods\addobjecttogroup.htm
group_methods\deletegroup.htm
group_methods\getgroupusertext.htm
group_methods\group_methods.htm
group_methods\groupcount.htm
group_methods\groupnames.htm
group_methods\hidegroup.htm
group_methods\isgroup.htm
group_methods\isgroupempty.htm
group_methods\lockgroup.htm
group_methods\removeobjectfromallgroups.htm
group_methods\removeobjectfromgroup.htm
group_methods\removeobjectfromtopgroup.htm
group_methods\removeobjectsfromgroup.htm
group_methods\renamegroup.htm
group_methods\setgroupusertext.htm
group_methods\showgroup.htm
group_methods\unlockgroup.htm
hatch_methods\addhatch.htm
hatch_methods\addhatches.htm
hatch_methods\addhatchpatterns.htm
hatch_methods\currenthatchpattern.htm
hatch_methods\duplicatehatchborders.htm
hatch_methods\explodehatch.htm
hatch_methods\hatch_methods.htm
hatch_methods\hatcharea.htm
hatch_methods\hatchpattern.htm
hatch_methods\hatchpatterncount.htm
hatch_methods\hatchpatterndescription.htm
hatch_methods\hatchpatternfilltype.htm
hatch_methods\hatchpatternnames.htm
hatch_methods\hatchrotation.htm
hatch_methods\hatchscale.htm
hatch_methods\ishatch.htm
hatch_methods\ishatchpattern.htm
hatch_methods\ishatchpatterncurrent.htm
hatch_methods\ishatchpatternreference.htm
introduction\cancelling_scripts.htm
introduction\editing_scripts.htm
introduction\external_access.htm
introduction\getting_started.htm
introduction\loading_scripts.htm
introduction\reinitializing_rhinoscript.htm
introduction\running_scripts.htm
introduction\scripting_options.htm
introduction.htm
layer_methods\addlayer.htm
layer_methods\currentlayer.htm
layer_methods\deletelayer.htm
layer_methods\expandlayer.htm
layer_methods\getlayerusertext.htm
layer_methods\islayer.htm
layer_methods\islayerchangeable.htm
layer_methods\islayerchildof.htm
layer_methods\islayercurrent.htm
layer_methods\islayerempty.htm
layer_methods\islayerexpanded.htm
layer_methods\islayerlocked.htm
layer_methods\islayeron.htm
layer_methods\islayerparentof.htm
layer_methods\islayerreference.htm
layer_methods\islayerselectable.htm
layer_methods\islayervisible.htm
layer_methods\layer_methods.htm
layer_methods\layerchildcount.htm
layer_methods\layerchildren.htm
layer_methods\layercolor.htm
layer_methods\layercount.htm
layer_methods\layerid.htm
layer_methods\layerids.htm
layer_methods\layerlinetype.htm
layer_methods\layerlocked.htm
layer_methods\layermaterialindex.htm
layer_methods\layermode.htm
layer_methods\layername.htm
layer_methods\layernames.htm
layer_methods\layerorder.htm
layer_methods\layerprintcolor.htm
layer_methods\layerprintwidth.htm
layer_methods\layervisible.htm
layer_methods\matchlayer.htm
layer_methods\mergelayer.htm
layer_methods\parentlayer.htm
layer_methods\purgelayer.htm
layer_methods\renamelayer.htm
layer_methods\setlayerusertext.htm
layer_state_methods\deletelayerstate.htm
layer_state_methods\exportlayerstates.htm
layer_state_methods\importlayerstates.htm
layer_state_methods\islayerstate.htm
layer_state_methods\layer_state_methods.htm
layer_state_methods\layerstatecount.htm
layer_state_methods\layerstatenames.htm
layer_state_methods\renamelayerstate.htm
layer_state_methods\restorelayerstate.htm
layer_state_methods\savelayerstate.htm
light_methods\adddirectionallight.htm
light_methods\addlinearlight.htm
light_methods\addpointlight.htm
light_methods\addrectangularlight.htm
light_methods\addspotlight.htm
light_methods\enablelight.htm
light_methods\isdirectionallight.htm
light_methods\islight.htm
light_methods\islightenabled.htm
light_methods\islightreference.htm
light_methods\islinearlight.htm
light_methods\ispointlight.htm
light_methods\isrectangularlight.htm
light_methods\isspotlight.htm
light_methods\light_methods.htm
light_methods\lightcolor.htm
light_methods\lightcount.htm
light_methods\lightdirection.htm
light_methods\lightlocation.htm
light_methods\lightname.htm
light_methods\lightobjects.htm
light_methods\rectangularlightplane.htm
light_methods\spotlighthardness.htm
light_methods\spotlightradius.htm
light_methods\spotlightshadowintensity.htm
line_and_plane_methods\distancetoplane.htm
line_and_plane_methods\evaluateplane.htm
line_and_plane_methods\intersectplanes.htm
line_and_plane_methods\linearcintersection.htm
line_and_plane_methods\linebetweencurves.htm
line_and_plane_methods\lineboxintersection.htm
line_and_plane_methods\linecircleintersection.htm
line_and_plane_methods\lineclosestpoint.htm
line_and_plane_methods\linecurveintersection.htm
line_and_plane_methods\linecylinderintersection.htm
line_and_plane_methods\lineisfartherthan.htm
line_and_plane_methods\linelineintersection.htm
line_and_plane_methods\linemaxdistanceto.htm
line_and_plane_methods\linemeshintersection.htm
line_and_plane_methods\linemindistanceto.htm
line_and_plane_methods\lineplane.htm
line_and_plane_methods\lineplaneintersection.htm
line_and_plane_methods\linesphereintersection.htm
line_and_plane_methods\linetransform.htm
line_and_plane_methods\moveplane.htm
line_and_plane_methods\plane_methods.htm
line_and_plane_methods\planeangle.htm
line_and_plane_methods\planearcintersection.htm
line_and_plane_methods\planecircleintersection.htm
line_and_plane_methods\planeclosestpoint.htm
line_and_plane_methods\planecurveintersection.htm
line_and_plane_methods\planeequation.htm
line_and_plane_methods\planefitfrompoints.htm
line_and_plane_methods\planefromframe.htm
line_and_plane_methods\planefromnormal.htm
line_and_plane_methods\planefrompoints.htm
line_and_plane_methods\planeplaneintersection.htm
line_and_plane_methods\planesphereintersection.htm
line_and_plane_methods\planetransform.htm
line_and_plane_methods\rotateplane.htm
line_and_plane_methods\worldxyplane.htm
line_and_plane_methods\worldyzplane.htm
line_and_plane_methods\worldzxplane.htm
linetype_methods\islinetype.htm
linetype_methods\islinetypereference.htm
linetype_methods\linetype_methods.htm
linetype_methods\linetypecount.htm
linetype_methods\linetypenames.htm
material_methods\addmaterialtolayer.htm
material_methods\addmaterialtoobject.htm
material_methods\copymaterial.htm
material_methods\ismaterial.htm
material_methods\ismaterialdefault.htm
material_methods\ismaterialreference.htm
material_methods\matchmaterial.htm
material_methods\material_methods.htm
material_methods\materialbump.htm
material_methods\materialcolor.htm
material_methods\materialcount.htm
material_methods\materialenvironmentmap.htm
material_methods\materialid.htm
material_methods\materialids.htm
material_methods\materialindex.htm
material_methods\materialindices.htm
material_methods\materialname.htm
material_methods\materialreflectivecolor.htm
material_methods\materialsbycolor.htm
material_methods\materialsbyname.htm
material_methods\materialshine.htm
material_methods\materialtexture.htm
material_methods\materialtransparency.htm
material_methods\materialtransparencymap.htm
material_methods\resetmaterial.htm
math_methods\acos.htm
math_methods\acosh.htm
math_methods\angle.htm
math_methods\angle2.htm
math_methods\asin.htm
math_methods\asinh.htm
math_methods\atan2.htm
math_methods\atanh.htm
math_methods\ceil.htm
math_methods\cosh.htm
math_methods\deviation.htm
math_methods\distance.htm
math_methods\e.htm
math_methods\floor.htm
math_methods\hypot.htm
math_methods\log10.htm
math_methods\math_methods.htm
math_methods\max.htm
math_methods\mean.htm
math_methods\median.htm
math_methods\min.htm
math_methods\pi.htm
math_methods\polar.htm
math_methods\sinh.htm
math_methods\solvequadratic.htm
math_methods\sum.htm
math_methods\tanh.htm
math_methods\todegrees.htm
math_methods\toradians.htm
mesh_methods\addmesh.htm
mesh_methods\addplanarmesh.htm
mesh_methods\connectedmeshfaces.htm
mesh_methods\curvemeshintersect.htm
mesh_methods\deletemeshface.htm
mesh_methods\disjointmeshcount.htm
mesh_methods\duplicatemeshborder.htm
mesh_methods\explodemeshes.htm
mesh_methods\extractanalysismesh.htm
mesh_methods\extractrendermesh.htm
mesh_methods\flipmesh.htm
mesh_methods\ismesh.htm
mesh_methods\ismeshclosed.htm
mesh_methods\ismeshdoubleprecision.htm
mesh_methods\ismeshmanifold.htm
mesh_methods\ispointonmesh.htm
mesh_methods\joinmeshes.htm
mesh_methods\mesh_methods.htm
mesh_methods\mesharea.htm
mesh_methods\meshareacentroid.htm
mesh_methods\meshareamoments.htm
mesh_methods\meshbooleandifference.htm
mesh_methods\meshbooleanintersection.htm
mesh_methods\meshbooleansplit.htm
mesh_methods\meshbooleanunion.htm
mesh_methods\meshclosestpoint.htm
mesh_methods\meshcontourpoints.htm
mesh_methods\meshfacecenters.htm
mesh_methods\meshfacecount.htm
mesh_methods\meshfacenormals.htm
mesh_methods\meshfaces.htm
mesh_methods\meshfacevertices.htm
mesh_methods\meshhasfacenormals.htm
mesh_methods\meshhashiddenvertices.htm
mesh_methods\meshhastexturecoordinates.htm
mesh_methods\meshhasvertexcolors.htm
mesh_methods\meshhasvertexnormals.htm
mesh_methods\meshhidevertices.htm
mesh_methods\meshmeshintersection.htm
mesh_methods\meshnakededgepoints.htm
mesh_methods\meshobjects.htm
mesh_methods\meshoffset.htm
mesh_methods\meshoutline.htm
mesh_methods\meshparameterdensity.htm
mesh_methods\meshparameters.htm
mesh_methods\meshpart.htm
mesh_methods\meshquadcount.htm
mesh_methods\meshquadstotriangles.htm
mesh_methods\meshtexturecoordinates.htm
mesh_methods\meshtonurb.htm
mesh_methods\meshtrianglecount.htm
mesh_methods\meshvertexcolors.htm
mesh_methods\meshvertexcount.htm
mesh_methods\meshvertexfaces.htm
mesh_methods\meshvertexnormals.htm
mesh_methods\meshvertices.htm
mesh_methods\meshvolume.htm
mesh_methods\meshvolumecentroid.htm
mesh_methods\meshvolumemoments.htm
mesh_methods\pullcurvetomesh.htm
mesh_methods\reducemesh.htm
mesh_methods\splitdisjointmesh.htm
mesh_methods\unifymeshnormals.htm
mesh_methods\unweldmesh.htm
mesh_methods\weldmesh.htm
object_grip_methods\enableobjectgrips.htm
object_grip_methods\getobjectgrip.htm
object_grip_methods\getobjectgrips.htm
object_grip_methods\nextobjectgrip.htm
object_grip_methods\object_grip_methods.htm
object_grip_methods\objectgripcount.htm
object_grip_methods\objectgriplocation.htm
object_grip_methods\objectgriplocations.htm
object_grip_methods\objectgripowner.htm
object_grip_methods\objectgripson.htm
object_grip_methods\objectgripsselected.htm
object_grip_methods\prevobjectgrip.htm
object_grip_methods\selectedobjectgrips.htm
object_grip_methods\selectobjectgrip.htm
object_grip_methods\selectobjectgrips.htm
object_grip_methods\unselectobjectgrip.htm
object_grip_methods\unselectobjectgrips.htm
object_methods\addobjectdisplaymode.htm
object_methods\addobjectmesh.htm
object_methods\bendobject.htm
object_methods\boxmorphobject.htm
object_methods\changeobjectspace.htm
object_methods\copyobject.htm
object_methods\copyobjects.htm
object_methods\deleteobject.htm
object_methods\deleteobjects.htm
object_methods\enableobjectmesh.htm
object_methods\flashobject.htm
object_methods\flowobject.htm
object_methods\hideobject.htm
object_methods\hideobjects.htm
object_methods\islayoutobject.htm
object_methods\isobject.htm
object_methods\isobjectchild.htm
object_methods\isobjecthidden.htm
object_methods\isobjectinbox.htm
object_methods\isobjectingroup.htm
object_methods\isobjectlocked.htm
object_methods\isobjectnormal.htm
object_methods\isobjectparent.htm
object_methods\isobjectreference.htm
object_methods\isobjectselectable.htm
object_methods\isobjectselected.htm
object_methods\isobjectsolid.htm
object_methods\isobjectvalid.htm
object_methods\isvisibleinview.htm
object_methods\lockobject.htm
object_methods\lockobjects.htm
object_methods\maelstromobject.htm
object_methods\matchobjectattributes.htm
object_methods\mirrorobject.htm
object_methods\mirrorobjects.htm
object_methods\moveobject.htm
object_methods\moveobjects.htm
object_methods\object_methods.htm
object_methods\objectchildren.htm
object_methods\objectclash.htm
object_methods\objectcolor.htm
object_methods\objectcolorsource.htm
object_methods\objectdescription.htm
object_methods\objectdisplaymode.htm
object_methods\objectdump.htm
object_methods\objectgroups.htm
object_methods\objecthashistory.htm
object_methods\objecthasmesh.htm
object_methods\objectlayer.htm
object_methods\objectlayout.htm
object_methods\objectlinetype.htm
object_methods\objectlinetypesource.htm
object_methods\objectmaterialindex.htm
object_methods\objectmaterialsource.htm
object_methods\objectmeshdensity.htm
object_methods\objectmeshmaxangle.htm
object_methods\objectmeshmaxaspectratio.htm
object_methods\objectmeshmaxdistedgetosrf.htm
object_methods\objectmeshmaxedgelength.htm
object_methods\objectmeshminedgelength.htm
object_methods\objectmeshmininitialgridquads.htm
object_methods\objectmeshquality.htm
object_methods\objectmeshsettings.htm
object_methods\objectname.htm
object_methods\objectnames.htm
object_methods\objectparents.htm
object_methods\objectprintcolor.htm
object_methods\objectprintcolorsource.htm
object_methods\objectprintwidth.htm
object_methods\objectprintwidthsource.htm
object_methods\objecttopgroup.htm
object_methods\objecttype.htm
object_methods\objecturl.htm
object_methods\orientobject.htm
object_methods\orientobjects.htm
object_methods\remapobject.htm
object_methods\remapobjects.htm
object_methods\removeobjectdisplaymode.htm
object_methods\replacegeometry.htm
object_methods\rotateobject.htm
object_methods\rotateobjects.htm
object_methods\scaleobject.htm
object_methods\scaleobjects.htm
object_methods\selectobject.htm
object_methods\selectobjects.htm
object_methods\shearobject.htm
object_methods\shearobjects.htm
object_methods\showobject.htm
object_methods\showobjects.htm
object_methods\splopobject.htm
object_methods\sporphobject.htm
object_methods\stretchobject.htm
object_methods\taperobject.htm
object_methods\transformobject.htm
object_methods\transformobjects.htm
object_methods\twistobject.htm
object_methods\unlockobject.htm
object_methods\unlockobjects.htm
object_methods\unselectobject.htm
object_methods\unselectobjects.htm
point_and_vector_methods\isvectorparallelto.htm
point_and_vector_methods\isvectorperpendicularto.htm
point_and_vector_methods\isvectortiny.htm
point_and_vector_methods\isvectorzero.htm
point_and_vector_methods\point_and_vector_methods.htm
point_and_vector_methods\pointadd.htm
point_and_vector_methods\pointarrayboundingbox.htm
point_and_vector_methods\pointarrayclosestpoint.htm
point_and_vector_methods\pointarraytransform.htm
point_and_vector_methods\pointclosestobject.htm
point_and_vector_methods\pointcompare.htm
point_and_vector_methods\pointdivide.htm
point_and_vector_methods\pointsarecoplanar.htm
point_and_vector_methods\pointscale.htm
point_and_vector_methods\pointsubtract.htm
point_and_vector_methods\pointtransform.htm
point_and_vector_methods\projectpointtomesh.htm
point_and_vector_methods\projectpointtosurface.htm
point_and_vector_methods\pullpoints.htm
point_and_vector_methods\vectoradd.htm
point_and_vector_methods\vectorangle.htm
point_and_vector_methods\vectorcompare.htm
point_and_vector_methods\vectorcreate.htm
point_and_vector_methods\vectorcrossproduct.htm
point_and_vector_methods\vectordivide.htm
point_and_vector_methods\vectordotproduct.htm
point_and_vector_methods\vectorlength.htm
point_and_vector_methods\vectormultiply.htm
point_and_vector_methods\vectorreverse.htm
point_and_vector_methods\vectorrotate.htm
point_and_vector_methods\vectorscale.htm
point_and_vector_methods\vectorsubtract.htm
point_and_vector_methods\vectortransform.htm
point_and_vector_methods\vectorunitize.htm
rhinoscript_fundamentals\arrays_of_points.htm
rhinoscript_fundamentals\lines.htm
rhinoscript_fundamentals\objects.htm
rhinoscript_fundamentals\planes.htm
rhinoscript_fundamentals\points.htm
rhinoscript_fundamentals\rhinoscript_fundamentals.htm
rhinoscript_fundamentals\vectors.htm
rhinoscript_methods.htm
sample_scripts\annotatecurveendpoints.htm
sample_scripts\arraypointsonsurface.htm
sample_scripts\circlefromcircumference.htm
sample_scripts\copyobjectstolayer.htm
sample_scripts\createshortcut.htm
sample_scripts\currentmodelinfo.htm
sample_scripts\curvelength.htm
sample_scripts\drawparametriccurve.htm
sample_scripts\dumpdocumentdata.htm
sample_scripts\dynamicarray.htm
sample_scripts\exportpoints.htm
sample_scripts\formatmessage.htm
sample_scripts\gardenpath.htm
sample_scripts\getarraydim.htm
sample_scripts\importcurvefromexcel.htm
sample_scripts\makenurbscurve.htm
sample_scripts\readtextfile.htm
sample_scripts\rgb_helpers.htm
sample_scripts\rhino_rvb.htm
sample_scripts\ringtorus.htm
sample_scripts\sample_scripts.htm
sample_scripts\saveview.htm
selection_methods\allobjects.htm
selection_methods\firstobject.htm
selection_methods\getcurveobject.htm
selection_methods\getobject.htm
selection_methods\getobjectex.htm
selection_methods\getobjects.htm
selection_methods\getobjectsex.htm
selection_methods\getpointcoordinates.htm
selection_methods\getsurfaceobject.htm
selection_methods\hiddenobjects.htm
selection_methods\invertselectedobjects.htm
selection_methods\lastcreatedobjects.htm
selection_methods\lastobject.htm
selection_methods\lockedobjects.htm
selection_methods\nextobject.htm
selection_methods\normalobjects.htm
selection_methods\objectsbycolor.htm
selection_methods\objectsbygroup.htm
selection_methods\objectsbylayer.htm
selection_methods\objectsbymaterialindex.htm
selection_methods\objectsbymaterialsource.htm
selection_methods\objectsbyname.htm
selection_methods\objectsbyregion.htm
selection_methods\objectsbytype.htm
selection_methods\objectsbyurl.htm
selection_methods\pointpick.htm
selection_methods\prevselectedobjects.htm
selection_methods\referenceobjects.htm
selection_methods\selectedobjects.htm
selection_methods\selection_methods.htm
selection_methods\unselectallobjects.htm
selection_methods\unselectedobjects.htm
selection_methods\visibleobjects.htm
selection_methods\windowpick.htm
surface_and_polysurface_methods\addbox.htm
surface_and_polysurface_methods\addcone.htm
surface_and_polysurface_methods\addcutplane.htm
surface_and_polysurface_methods\addcylinder.htm
surface_and_polysurface_methods\addedgesrf.htm
surface_and_polysurface_methods\addextrusion.htm
surface_and_polysurface_methods\addloftsurface.htm
surface_and_polysurface_methods\addnetworksrf.htm
surface_and_polysurface_methods\addnetworksrfex.htm
surface_and_polysurface_methods\addnurbssurface.htm
surface_and_polysurface_methods\addpatch.htm
surface_and_polysurface_methods\addpipe.htm
surface_and_polysurface_methods\addplanarsrf.htm
surface_and_polysurface_methods\addplanesurface.htm
surface_and_polysurface_methods\addrailrevsrf.htm
surface_and_polysurface_methods\addrevsrf.htm
surface_and_polysurface_methods\addsphere.htm
surface_and_polysurface_methods\addsrfcontourcrvs.htm
surface_and_polysurface_methods\addsrfcontrolptgrid.htm
surface_and_polysurface_methods\addsrfpt.htm
surface_and_polysurface_methods\addsrfptgrid.htm
surface_and_polysurface_methods\addsrfsectioncrvs.htm
surface_and_polysurface_methods\addsweep1.htm
surface_and_polysurface_methods\addsweep2.htm
surface_and_polysurface_methods\addthickpipe.htm
surface_and_polysurface_methods\addtorus.htm
surface_and_polysurface_methods\addtruncatedcone.htm
surface_and_polysurface_methods\booleandifference.htm
surface_and_polysurface_methods\booleanintersection.htm
surface_and_polysurface_methods\booleanunion.htm
surface_and_polysurface_methods\boxpoints.htm
surface_and_polysurface_methods\brepclosestpoint.htm
surface_and_polysurface_methods\capplanarholes.htm
surface_and_polysurface_methods\convertextrusion.htm
surface_and_polysurface_methods\convertsurfacetobezier.htm
surface_and_polysurface_methods\createsolid.htm
surface_and_polysurface_methods\duplicateedgecurves.htm
surface_and_polysurface_methods\duplicatesurfaceborder.htm
surface_and_polysurface_methods\evaluatesurface.htm
surface_and_polysurface_methods\explodepolysurfaces.htm
surface_and_polysurface_methods\extendsurface.htm
surface_and_polysurface_methods\extractisocurve.htm
surface_and_polysurface_methods\extractsurface.htm
surface_and_polysurface_methods\extrudecurve.htm
surface_and_polysurface_methods\extrudecurvenormal.htm
surface_and_polysurface_methods\extrudecurvepoint.htm
surface_and_polysurface_methods\extrudecurvestraight.htm
surface_and_polysurface_methods\extrudecurvetapered.htm
surface_and_polysurface_methods\extrudesurface.htm
surface_and_polysurface_methods\filletsurfaces.htm
surface_and_polysurface_methods\fitsurface.htm
surface_and_polysurface_methods\flipsurface.htm
surface_and_polysurface_methods\insertsurfaceknot.htm
surface_and_polysurface_methods\intersectbreps.htm
surface_and_polysurface_methods\intersectspheres.htm
surface_and_polysurface_methods\isbox.htm
surface_and_polysurface_methods\isbrep.htm
surface_and_polysurface_methods\isbrepmanifold.htm
surface_and_polysurface_methods\iscone.htm
surface_and_polysurface_methods\iscylinder.htm
surface_and_polysurface_methods\isextrusion.htm
surface_and_polysurface_methods\isparameteronsurface.htm
surface_and_polysurface_methods\isplanesurface.htm
surface_and_polysurface_methods\ispointinsurface.htm
surface_and_polysurface_methods\ispointonsurface.htm
surface_and_polysurface_methods\ispolysurface.htm
surface_and_polysurface_methods\ispolysurfaceclosed.htm
surface_and_polysurface_methods\ispolysurfaceplanar.htm
surface_and_polysurface_methods\issphere.htm
surface_and_polysurface_methods\issurface.htm
surface_and_polysurface_methods\issurfaceclosed.htm
surface_and_polysurface_methods\issurfaceperiodic.htm
surface_and_polysurface_methods\issurfaceplanar.htm
surface_and_polysurface_methods\issurfacerational.htm
surface_and_polysurface_methods\issurfacesingular.htm
surface_and_polysurface_methods\issurfacetrimmed.htm
surface_and_polysurface_methods\issurfaceunrollable.htm
surface_and_polysurface_methods\istorus.htm
surface_and_polysurface_methods\joinsurfaces.htm
surface_and_polysurface_methods\joinsurfacesex.htm
surface_and_polysurface_methods\makesurfacenonperiodic.htm
surface_and_polysurface_methods\makesurfaceperiodic.htm
surface_and_polysurface_methods\offsetbrep.htm
surface_and_polysurface_methods\offsetsurface.htm
surface_and_polysurface_methods\pullcurve.htm
surface_and_polysurface_methods\rebuildsurface.htm
surface_and_polysurface_methods\removesurfaceknot.htm
surface_and_polysurface_methods\reversesurface.htm
surface_and_polysurface_methods\shootray.htm
surface_and_polysurface_methods\shortpath.htm
surface_and_polysurface_methods\shrinktrimmedsurface.htm
surface_and_polysurface_methods\splitbrep.htm
surface_and_polysurface_methods\splitsurface.htm
surface_and_polysurface_methods\surface_methods.htm
surface_and_polysurface_methods\surfacearea.htm
surface_and_polysurface_methods\surfaceareacentroid.htm
surface_and_polysurface_methods\surfaceareamoments.htm
surface_and_polysurface_methods\surfaceclosestpoint.htm
surface_and_polysurface_methods\surfacecone.htm
surface_and_polysurface_methods\surfacecontourpoints.htm
surface_and_polysurface_methods\surfacecount.htm
surface_and_polysurface_methods\surfacecurvature.htm
surface_and_polysurface_methods\surfacecurvatureanalysis.htm
surface_and_polysurface_methods\surfacecylinder.htm
surface_and_polysurface_methods\surfacedegree.htm
surface_and_polysurface_methods\surfacedomain.htm
surface_and_polysurface_methods\surfacedraftanglepoint.htm
surface_and_polysurface_methods\surfaceeditpoints.htm
surface_and_polysurface_methods\surfaceevaluate.htm
surface_and_polysurface_methods\surfaceframe.htm
surface_and_polysurface_methods\surfaceisocurvedensity.htm
surface_and_polysurface_methods\surfaceknotcount.htm
surface_and_polysurface_methods\surfaceknots.htm
surface_and_polysurface_methods\surfacenormal.htm
surface_and_polysurface_methods\surfacenormalizedparameter.htm
surface_and_polysurface_methods\surfaceparameter.htm
surface_and_polysurface_methods\surfacepointcount.htm
surface_and_polysurface_methods\surfacepoints.htm
surface_and_polysurface_methods\surfaceprincipalcurvature.htm
surface_and_polysurface_methods\surfaceseam.htm
surface_and_polysurface_methods\surfacesphere.htm
surface_and_polysurface_methods\surfacesurfaceintersection.htm
surface_and_polysurface_methods\surfacetorus.htm
surface_and_polysurface_methods\surfacevolume.htm
surface_and_polysurface_methods\surfacevolumecentroid.htm
surface_and_polysurface_methods\surfacevolumemoments.htm
surface_and_polysurface_methods\surfaceweights.htm
surface_and_polysurface_methods\trimbrep.htm
surface_and_polysurface_methods\trimsurface.htm
surface_and_polysurface_methods\unrollsurface.htm
title.htm
toolbar_methods\addtoolbar.htm
toolbar_methods\addtoolbarbutton.htm
toolbar_methods\addtoolbarcollection.htm
toolbar_methods\closetoolbarcollection.htm
toolbar_methods\deletetoolbar.htm
toolbar_methods\hidetoolbar.htm
toolbar_methods\istoolbar.htm
toolbar_methods\istoolbarcollection.htm
toolbar_methods\istoolbardocked.htm
toolbar_methods\istoolbarvisible.htm
toolbar_methods\opentoolbarcollection.htm
toolbar_methods\savetoolbarcollection.htm
toolbar_methods\savetoolbarcollectionas.htm
toolbar_methods\showtoolbar.htm
toolbar_methods\toolbar_methods.htm
toolbar_methods\toolbarcollectioncount.htm
toolbar_methods\toolbarcollectionnames.htm
toolbar_methods\toolbarcollectionpath.htm
toolbar_methods\toolbarcount.htm
toolbar_methods\toolbarnames.htm
transformation_methods\isxformidentity.htm
transformation_methods\isxformissimilarity.htm
transformation_methods\isxformsingular.htm
transformation_methods\isxformzero.htm
transformation_methods\transformation_methods.htm
transformation_methods\xformchangebasis.htm
transformation_methods\xformcompare.htm
transformation_methods\xformcplanetoworld.htm
transformation_methods\xformdeterminant.htm
transformation_methods\xformdiagonal.htm
transformation_methods\xformidentity.htm
transformation_methods\xforminverse.htm
transformation_methods\xformlayouttoworld.htm
transformation_methods\xformmirror.htm
transformation_methods\xformmultiply.htm
transformation_methods\xformplanarprojection.htm
transformation_methods\xformrotation.htm
transformation_methods\xformscale.htm
transformation_methods\xformscreentoworld.htm
transformation_methods\xformshear.htm
transformation_methods\xformtranslation.htm
transformation_methods\xformworldtocplane.htm
transformation_methods\xformworldtolayout.htm
transformation_methods\xformworldtoscreen.htm
transformation_methods\xformzero.htm
user_data_methods\attributedatacount.htm
user_data_methods\deleteattributedata.htm
user_data_methods\deletedocumentdata.htm
user_data_methods\deleteobjectdata.htm
user_data_methods\documentdatacount.htm
user_data_methods\getattributedata.htm
user_data_methods\getdocumentdata.htm
user_data_methods\getdocumentusertext.htm
user_data_methods\getobjectdata.htm
user_data_methods\getruntimedata.htm
user_data_methods\getusertext.htm
user_data_methods\isattributedata.htm
user_data_methods\isdocumentdata.htm
user_data_methods\isdocumentusertext.htm
user_data_methods\isobjectdata.htm
user_data_methods\isusertext.htm
user_data_methods\objectdatacount.htm
user_data_methods\runtimedatacount.htm
user_data_methods\setattributedata.htm
user_data_methods\setdocumentdata.htm
user_data_methods\setdocumentusertext.htm
user_data_methods\setobjectdata.htm
user_data_methods\setruntimedata.htm
user_data_methods\setusertext.htm
user_data_methods\user_data_methods.htm
user_interface_methods\browseforfolder.htm
user_interface_methods\checklistbox.htm
user_interface_methods\combolistbox.htm
user_interface_methods\editbox.htm
user_interface_methods\editlistbox.htm
user_interface_methods\getangle.htm
user_interface_methods\getangleex.htm
user_interface_methods\getboolean.htm
user_interface_methods\getbox.htm
user_interface_methods\getcircle.htm
user_interface_methods\getcolor.htm
user_interface_methods\getcursorpos.htm
user_interface_methods\getdistance.htm
user_interface_methods\getedgecurves.htm
user_interface_methods\getinteger.htm
user_interface_methods\getlayer.htm
user_interface_methods\getlayers.htm
user_interface_methods\getline.htm
user_interface_methods\getlinetype.htm
user_interface_methods\getmeshfaces.htm
user_interface_methods\getmeshvertices.htm
user_interface_methods\getoption.htm
user_interface_methods\getpoint.htm
user_interface_methods\getpointoncurve.htm
user_interface_methods\getpointonline.htm
user_interface_methods\getpointonmesh.htm
user_interface_methods\getpointonplane.htm
user_interface_methods\getpointonsurface.htm
user_interface_methods\getpoints.htm
user_interface_methods\getpolyline.htm
user_interface_methods\getprintwidth.htm
user_interface_methods\getreal.htm
user_interface_methods\getrectangle.htm
user_interface_methods\getstring.htm
user_interface_methods\getsurfaceisoparampoint.htm
user_interface_methods\htmlbox.htm
user_interface_methods\integerbox.htm
user_interface_methods\listbox.htm
user_interface_methods\messagebeep.htm
user_interface_methods\messagebox.htm
user_interface_methods\multilistbox.htm
user_interface_methods\openfilename.htm
user_interface_methods\openfilenames.htm
user_interface_methods\orderlistbox.htm
user_interface_methods\popupmenu.htm
user_interface_methods\propertylistbox.htm
user_interface_methods\realbox.htm
user_interface_methods\savefilename.htm
user_interface_methods\stringbox.htm
user_interface_methods\user_interface_methods.htm
utility_methods\allprocedures.htm
utility_methods\clipboardtext.htm
utility_methods\coloradjustluma.htm
utility_methods\colorbluevalue.htm
utility_methods\colorgreenvalue.htm
utility_methods\colorhlstorgb.htm
utility_methods\colorhsvtorgb.htm
utility_methods\colorredvalue.htm
utility_methods\colorrgbtohls.htm
utility_methods\colorrgbtohsv.htm
utility_methods\cullduplicatenumbers.htm
utility_methods\cullduplicatepoints.htm
utility_methods\cullduplicatestrings.htm
utility_methods\currentprinter.htm
utility_methods\findduplicatenumbers.htm
utility_methods\findduplicatepoints.htm
utility_methods\findduplicatestrings.htm
utility_methods\getsettings.htm
utility_methods\imageinfo.htm
utility_methods\isprocedure.htm
utility_methods\joinarrays.htm
utility_methods\makearray.htm
utility_methods\oncancelscript.htm
utility_methods\printernames.htm
utility_methods\pt2str.htm
utility_methods\readdelimitedfile.htm
utility_methods\readtextfile.htm
utility_methods\savesettings.htm
utility_methods\simplifyarray.htm
utility_methods\sleep.htm
utility_methods\sort.htm
utility_methods\sortnumbers.htm
utility_methods\sortpointlist.htm
utility_methods\sortpoints.htm
utility_methods\sortpointsbydistance.htm
utility_methods\spooltoprinter.htm
utility_methods\str2pt.htm
utility_methods\str2ptarray.htm
utility_methods\strtok.htm
utility_methods\textout.htm
utility_methods\utility_methods.htm
utility_methods\version.htm
utility_methods\writetextfile.htm
vbscript_fundamentals\vbscript_coding_conventions.htm
vbscript_fundamentals\vbscript_conditional_statements.htm
vbscript_fundamentals\vbscript_constants.htm
vbscript_fundamentals\vbscript_data_types.htm
vbscript_fundamentals\vbscript_fundamentals.htm
vbscript_fundamentals\vbscript_looping.htm
vbscript_fundamentals\vbscript_operators.htm
vbscript_fundamentals\vbscript_procedures.htm
vbscript_fundamentals\vbscript_statements.htm
vbscript_fundamentals\vbscript_variables.htm
view_methods\addnamedcplane.htm
view_methods\addnamedview.htm
view_methods\backgroundbitmap.htm
view_methods\currentdetail.htm
view_methods\currentview.htm
view_methods\deletenamedcplane.htm
view_methods\deletenamedview.htm
view_methods\deleteviewdisplaymode.htm
view_methods\detailnames.htm
view_methods\exportviewdisplaymode.htm
view_methods\importviewdisplaymode.htm
view_methods\isbackgroundbitmap.htm
view_methods\isdetail.htm
view_methods\islayout.htm
view_methods\isview.htm
view_methods\isviewcurrent.htm
view_methods\isviewmaximized.htm
view_methods\isviewoutofplan.htm
view_methods\isviewperspective.htm
view_methods\isviewtitlevisible.htm
view_methods\iswallpaper.htm
view_methods\maximizerestoreview.htm
view_methods\namedcplane.htm
view_methods\namedcplanes.htm
view_methods\namedviews.htm
view_methods\renameview.htm
view_methods\restorenamedcplane.htm
view_methods\restorenamedview.htm
view_methods\rotatecamera.htm
view_methods\rotateview.htm
view_methods\showgrid.htm
view_methods\showgridaxes.htm
view_methods\showviewtitle.htm
view_methods\showworldaxes.htm
view_methods\synchronizecplanes.htm
view_methods\tiltview.htm
view_methods\view_methods.htm
view_methods\viewcamera.htm
view_methods\viewcameraicon.htm
view_methods\viewcameralens.htm
view_methods\viewcameraplane.htm
view_methods\viewcameratarget.htm
view_methods\viewcameraup.htm
view_methods\viewcplane.htm
view_methods\viewdisplaymode.htm
view_methods\viewdisplaymodeex.htm
view_methods\viewdisplaymodeid.htm
view_methods\viewdisplaymodename.htm
view_methods\viewdisplaymodes.htm
view_methods\viewflatshade.htm
view_methods\viewnames.htm
view_methods\viewnearcorners.htm
view_methods\viewprojection.htm
view_methods\viewprojectionxform.htm
view_methods\viewradius.htm
view_methods\viewsize.htm
view_methods\viewspeedtest.htm
view_methods\viewtarget.htm
view_methods\viewtitle.htm
view_methods\wallpaper.htm
view_methods\wallpapergrayscale.htm
view_methods\wallpaperhidden.htm
view_methods\zoomboundingbox.htm
view_methods\zoomextents.htm
view_methods\zoomselected.htm
what_s_new_.htm
robohhre.lng
index.glo
rhinoscript.css
images\htmlbox.jpg
images\editbox.jpg
images\editbutton.jpg
images\getlinetype.jpg
images\rhinooptions.jpg
images\browseforfolder.jpg
images\listbox.jpg
images\savefilename.jpg
images\getprintwidth.jpg
images\editor_menu.png
images\editor_editor.png
images\editor_statusbar.png
images\integerbox.jpg
images\checklistbox.jpg
images\getlayer.jpg
images\stringbox.jpg
images\loadscriptbutton.jpg
images\hello.jpg
images\multilistbox.jpg
images\editlistbox.jpg
images\orderlistbox.jpg
images\getbox.jpg
images\editor_all.png
images\propertylistbox.jpg
images\getrectangle.jpg
images\runscript.jpg
images\loadscript.jpg
images\editor_toolbar.png
images\rhinoscript_med.jpg
images\addmesh.jpg
images\realbox.jpg
images\openfilename.jpg
images\editor_browser.png
images\boundingbox.jpg
images\boxmorphobject.jpg
images\combolistbox.jpg
ehlpdhtm.js
index.ppf
whxdata\package_0.xml
whxdata\package_1.xml
whxdata\package_2.xml
whxdata\package_3.xml
whxdata\package_4.xml
whxdata\package_5.xml
whxdata\package_6.xml
whxdata\package_7.xml
whxdata\package_8.xml
whxdata\package_9.xml
whxdata\package_10.xml
whxdata\package_11.xml
whxdata\package_12.xml
whxdata\package_13.xml
whxdata\package_14.xml
whxdata\package_15.xml
whxdata\package_16.xml
whxdata\package_17.xml
whxdata\package_18.xml
whxdata\package_19.xml
whxdata\package_20.xml
whxdata\package_21.xml
whxdata\package_22.xml
whxdata\package_23.xml
whxdata\package_24.xml
whxdata\package_25.xml
whxdata\package_26.xml
whxdata\package_27.xml
whxdata\package_28.xml
whxdata\package_29.xml
whxdata\package_30.xml
whxdata\package_31.xml
whxdata\package_32.xml
whxdata\package_33.xml
whxdata\package_34.xml
whxdata\package_35.xml
whxdata\package_36.xml
whxdata\package_37.xml
whxdata\package_38.xml
whxdata\package_39.xml
whxdata\package_40.xml
whxdata\package_41.xml
whxdata\package_42.xml
whxdata\package_43.xml
whxdata\package_44.xml
whxdata\package_45.xml
whxdata\package_46.xml
whxdata\package_47.xml
whxdata\package_48.xml
whxdata\package_49.xml
whxdata\package_50.xml
whxdata\package_51.xml
whxdata\package_52.xml
whxdata\package_53.xml
whxdata\package_54.xml
whxdata\package_55.xml
whxdata\package_56.xml
whxdata\package_57.xml
whxdata\package_58.xml
whxdata\package_59.xml
whxdata\package_60.xml
whxdata\package_61.xml
whxdata\package_62.xml
whxdata\package_63.xml
whxdata\package_64.xml
whxdata\package_65.xml
whxdata\package_66.xml
whxdata\package_67.xml
whxdata\package_68.xml
whxdata\package_69.xml
whxdata\package_70.xml
whxdata\package_71.xml
whxdata\package_72.xml
whxdata\package_73.xml
whxdata\package_74.xml
whxdata\package_75.xml
whxdata\package_76.xml
whxdata\package_77.xml
whxdata\package_78.xml
whxdata\package_79.xml
whxdata\package_80.xml
whxdata\package_81.xml
whxdata\package_82.xml
whxdata\package_83.xml
whxdata\package_84.xml
whxdata\package_85.xml
whxdata\package_86.xml
whxdata\package_87.xml
whxdata\package_88.xml
whxdata\package_89.xml
whxdata\package_90.xml
whxdata\package_91.xml
whxdata\package_92.xml
whxdata\package_93.xml
whxdata\package_94.xml
whxdata\package_95.xml
whxdata\package_96.xml
whxdata\package_97.xml
whxdata\package_98.xml
whxdata\package_99.xml
whxdata\package_100.xml
whxdata\package_101.xml
whxdata\package_102.xml
whxdata\package_103.xml
whxdata\package_104.xml
whxdata\package_105.xml
whxdata\packageindex.xml
whxdata\synonym.xml
whxdata\topictable_0.xml
whxdata\topictable_1.xml
whxdata\topictable_2.xml
whxdata\topictable_3.xml
whxdata\topictable_4.xml
whxdata\topictable_5.xml
whxdata\topictable_6.xml
whxdata\topictable_7.xml
whxdata\topictable_8.xml
whxdata\topictable_9.xml
whxdata\topictable_10.xml
whxdata\topictable_11.xml
whxdata\topictable_12.xml
whxdata\topictable_13.xml
whxdata\topictable_14.xml
whxdata\topictable_15.xml
whxdata\topictable_16.xml
whxdata\topictable_17.xml
whxdata\topictable_18.xml
whxdata\topictable_19.xml
whxdata\topictable_20.xml
whxdata\topictable_21.xml
whxdata\topictableindex.xml
whxdata\whfts.xml
whxdata\whtdata0.xml
whxdata\whtdata1.xml
whxdata\whtdata2.xml
whxdata\whtdata3.xml
whxdata\whtdata4.xml
whxdata\whtdata5.xml
whxdata\whtdata6.xml
whxdata\whtdata7.xml
whxdata\whtdata8.xml
whxdata\whtdata9.xml
whxdata\whtdata10.xml
whxdata\whtdata11.xml
whxdata\whtdata12.xml
whxdata\whtdata13.xml
whxdata\whtdata14.xml
whxdata\whtdata15.xml
whxdata\whtdata16.xml
whxdata\whtdata17.xml
whxdata\whtdata18.xml
whxdata\whtdata19.xml
whxdata\whtdata20.xml
whxdata\whtdata21.xml
whxdata\whtdata22.xml
whxdata\whtdata23.xml
whxdata\whtdata24.xml
whxdata\whtdata25.xml
whxdata\whtdata26.xml
whxdata\whidata0.xml
whxdata\whidata1.xml
whxdata\whidata2.xml
whxdata\whidata3.xml
whxdata\whidata4.xml
whxdata\whidata5.xml
whxdata\whidata6.xml
whxdata\whidata7.xml
whxdata\whidata8.xml
whxdata\whidata9.xml
whdata\whtdata0.htm
whdata\whtdata1.htm
whdata\whtdata2.htm
whdata\whtdata3.htm
whdata\whtdata4.htm
whdata\whtdata5.htm
whdata\whtdata6.htm
whdata\whtdata7.htm
whdata\whtdata8.htm
whdata\whtdata9.htm
whdata\whtdata10.htm
whdata\whtdata11.htm
whdata\whtdata12.htm
whdata\whtdata13.htm
whdata\whtdata14.htm
whdata\whtdata15.htm
whdata\whtdata16.htm
whdata\whtdata17.htm
whdata\whtdata18.htm
whdata\whtdata19.htm
whdata\whtdata20.htm
whdata\whtdata21.htm
whdata\whtdata22.htm
whdata\whtdata23.htm
whdata\whtdata24.htm
whdata\whtdata25.htm
whdata\whtdata26.htm
whdata\whidata0.htm
whdata\whidata1.htm
whdata\whidata2.htm
whdata\whidata3.htm
whdata\whidata4.htm
whdata\whidata5.htm
whdata\whidata6.htm
whdata\whidata7.htm
whdata\whidata8.htm
whdata\whidata9.htm
whgdata\whlstt0.htm
whgdata\whlstt1.htm
whgdata\whlstt2.htm
whgdata\whlstt3.htm
whgdata\whlstt4.htm
whgdata\whlstt5.htm
whgdata\whlstt6.htm
whgdata\whlstt7.htm
whgdata\whlstt8.htm
whgdata\whlstt9.htm
whgdata\whlstt10.htm
whgdata\whlstt11.htm
whgdata\whlstt12.htm
whgdata\whlstt13.htm
whgdata\whlstt14.htm
whgdata\whlstt15.htm
whgdata\whlstt16.htm
whgdata\whlstt17.htm
whgdata\whlstt18.htm
whgdata\whlstt19.htm
whgdata\whlstt20.htm
whgdata\whlstt21.htm
whgdata\whlstt22.htm
whgdata\whlstt23.htm
whgdata\whlstt24.htm
whgdata\whlstt25.htm
whgdata\whlstt26.htm
whgdata\whlstt27.htm
whgdata\whlstt28.htm
whgdata\whlstt29.htm
whgdata\whlstt30.htm
whgdata\whlstt31.htm
whgdata\whlstt32.htm
whgdata\whlsti0.htm
whgdata\whlsti1.htm
whgdata\whlsti2.htm
whgdata\whlsti3.htm
whgdata\whlsti4.htm
whgdata\whlstfl0.htm
whgdata\whlstfl1.htm
whgdata\whlstfl2.htm
whgdata\whlstfl3.htm
whgdata\whlstfl4.htm
whgdata\whlstfl5.htm
whgdata\whlstfl6.htm
whgdata\whlstfl7.htm
whgdata\whlstfl8.htm
whgdata\whlstfl9.htm
whgdata\whlstfl10.htm
whgdata\whlstfl11.htm
whgdata\whlstfl12.htm
whgdata\whlstfl13.htm
whgdata\whlstfl14.htm
whgdata\whlstfl15.htm
whgdata\whlstfl16.htm
whgdata\whlstfl17.htm
whgdata\whlstfl18.htm
whgdata\whlstfl19.htm
whgdata\whlstfl20.htm
whgdata\whlstfl21.htm
whgdata\whlstfl22.htm
whgdata\whlstfl23.htm
whgdata\whlstfl24.htm
whgdata\whlstfl25.htm
whgdata\whlstf0.htm
whgdata\whlstf1.htm
whgdata\whlstf2.htm
whgdata\whlstf3.htm
whgdata\whlstf4.htm
whgdata\whlstf5.htm
whgdata\whlstf6.htm
whgdata\whlstf7.htm
whgdata\whlstf8.htm
whgdata\whlstf9.htm
whgdata\whlstf10.htm
whgdata\whlstf11.htm
whgdata\whlstf12.htm
whgdata\whlstf13.htm
whgdata\whlstf14.htm
whgdata\whlstf15.htm
whgdata\whlstf16.htm
whgdata\whlstf17.htm
whgdata\whlstf18.htm
whgdata\whlstf19.htm
whgdata\whlstf20.htm
whgdata\whlstf21.htm
whgdata\whlstf22.htm
whgdata\whlstf23.htm
whgdata\whlstf24.htm
whgdata\whlstf25.htm
whgdata\whlstf26.htm
whgdata\whlstf27.htm
whgdata\whlstf28.htm
whgdata\whlstf29.htm
whgdata\whlstf30.htm
whgdata\whlstf31.htm
whgdata\whlstf32.htm
whgdata\whlstf33.htm
whgdata\whlstf34.htm
whgdata\whlstf35.htm
whgdata\whlstf36.htm
whgdata\whlstf37.htm
whgdata\whlstf38.htm
whgdata\whlstf39.htm
whgdata\whlstf40.htm
whgdata\whlstf41.htm
whgdata\whlstf42.htm
whgdata\whlstf43.htm
whgdata\whlstf44.htm
whgdata\whlstf45.htm
whgdata\whlstf46.htm
whgdata\whlstf47.htm
whgdata\whlstf48.htm
whgdata\whlstf49.htm
whgdata\whlstf50.htm
whgdata\whlstf51.htm
whgdata\whlstf52.htm
whgdata\whlstf53.htm
whgdata\whlstf54.htm
whgdata\whlstf55.htm
whgdata\whlstf56.htm
whgdata\whlstf57.htm
whgdata\whlstf58.htm
whgdata\whlstf59.htm
whgdata\whlstf60.htm
whgdata\whlstf61.htm
whgdata\whlstf62.htm
whgdata\whlstf63.htm
whgdata\whlstf64.htm
whgdata\whlstf65.htm
whgdata\whlstf66.htm
whgdata\whlstf67.htm
whgdata\whlstf68.htm
whgdata\whlstf69.htm
whgdata\whlstf70.htm
whgdata\whlstf71.htm
whgdata\whlstf72.htm
whgdata\whlstf73.htm
whgdata\whlstf74.htm
whgdata\whlstf75.htm
whgdata\whlstf76.htm
whgdata\whlstf77.htm
whgdata\whlstf78.htm
whgdata\whlstf79.htm
whgdata\whlstf80.htm
whgdata\whlstf81.htm
whgdata\whlstf82.htm
whgdata\whlstf83.htm
whgdata\whlstf84.htm
whgdata\whlstf85.htm
whgdata\whlstf86.htm
whgdata\whlstf87.htm
whgdata\whlstg0.htm
index.html
index_csh.html
index_rhc.html
